{
  "stats": {
    "suites": 1,
    "tests": 155,
    "passes": 155,
    "pending": 0,
    "failures": 0,
    "start": "2022-08-30T12:50:00.447Z",
    "end": "2022-08-30T12:53:43.424Z",
    "duration": 222977,
    "testsRegistered": 155,
    "passPercent": 100,
    "pendingPercent": 0,
    "other": 0,
    "hasOther": false,
    "skipped": 0,
    "hasSkipped": false
  },
  "results": [
    {
      "uuid": "ef5d9f28-bfaa-43a5-a9d4-8816be9ecdb2",
      "title": "",
      "fullFile": "cypress/integration/examples/Axcapital.js",
      "file": "cypress/integration/examples/Axcapital.js",
      "beforeHooks": [],
      "afterHooks": [],
      "tests": [],
      "suites": [
        {
          "uuid": "035730c8-21fc-4661-86e8-66969a691d3e",
          "title": "axcapital - Blog test",
          "fullFile": "",
          "file": "",
          "beforeHooks": [],
          "afterHooks": [],
          "tests": [
            {
              "title": "testing",
              "fullTitle": "axcapital - Blog test testing",
              "timedOut": null,
              "duration": 8814,
              "state": "passed",
              "speed": "slow",
              "pass": true,
              "fail": false,
              "pending": false,
              "context": null,
              "code": "cy.visit('https://www.axcapital.ae/offplan/detail/dubai-arabian-ranches-3-sun-townhouses');\ncy.get('h1').should('exist');",
              "err": {},
              "uuid": "c20d2a2f-18c9-441a-9c3b-8ed823502062",
              "parentUUID": "035730c8-21fc-4661-86e8-66969a691d3e",
              "isHook": false,
              "skipped": false
            },
            {
              "title": "Post number 1!",
              "fullTitle": "axcapital - Blog test Post number 1!",
              "timedOut": null,
              "duration": 7967,
              "state": "passed",
              "speed": "slow",
              "pass": true,
              "fail": false,
              "pending": false,
              "context": null,
              "code": "cy.visit('https://www.axcapital.ae/blog/news?page=1');\ncy.xpath('/html/body/app-root/app-news-page/section[1]/div[2]/div[' + selector + ']/a').click({\n  force: true\n});\ncy.log(selector); // cy.wait(1000)\ncy.get('h1').should('exist'); // cy.go(-1);",
              "err": {},
              "uuid": "dadb358b-e7a8-4dc7-bed4-dc86b2d6067b",
              "parentUUID": "035730c8-21fc-4661-86e8-66969a691d3e",
              "isHook": false,
              "skipped": false
            },
            {
              "title": "Post number 2!",
              "fullTitle": "axcapital - Blog test Post number 2!",
              "timedOut": null,
              "duration": 4548,
              "state": "passed",
              "speed": "slow",
              "pass": true,
              "fail": false,
              "pending": false,
              "context": null,
              "code": "cy.visit('https://www.axcapital.ae/blog/news?page=1');\ncy.xpath('/html/body/app-root/app-news-page/section[1]/div[2]/div[' + selector + ']/a').click({\n  force: true\n});\ncy.log(selector); // cy.wait(1000)\ncy.get('h1').should('exist'); // cy.go(-1);",
              "err": {},
              "uuid": "ed690e8e-c356-4670-b6c2-362d7047a5c1",
              "parentUUID": "035730c8-21fc-4661-86e8-66969a691d3e",
              "isHook": false,
              "skipped": false
            },
            {
              "title": "Post number 3!",
              "fullTitle": "axcapital - Blog test Post number 3!",
              "timedOut": null,
              "duration": 2790,
              "state": "passed",
              "speed": "slow",
              "pass": true,
              "fail": false,
              "pending": false,
              "context": null,
              "code": "cy.visit('https://www.axcapital.ae/blog/news?page=1');\ncy.xpath('/html/body/app-root/app-news-page/section[1]/div[2]/div[' + selector + ']/a').click({\n  force: true\n});\ncy.log(selector); // cy.wait(1000)\ncy.get('h1').should('exist'); // cy.go(-1);",
              "err": {},
              "uuid": "7038fcdc-eb2a-4cc9-b672-e691c0818cbd",
              "parentUUID": "035730c8-21fc-4661-86e8-66969a691d3e",
              "isHook": false,
              "skipped": false
            },
            {
              "title": "Post number 4!",
              "fullTitle": "axcapital - Blog test Post number 4!",
              "timedOut": null,
              "duration": 2479,
              "state": "passed",
              "speed": "slow",
              "pass": true,
              "fail": false,
              "pending": false,
              "context": null,
              "code": "cy.visit('https://www.axcapital.ae/blog/news?page=1');\ncy.xpath('/html/body/app-root/app-news-page/section[1]/div[2]/div[' + selector + ']/a').click({\n  force: true\n});\ncy.log(selector); // cy.wait(1000)\ncy.get('h1').should('exist'); // cy.go(-1);",
              "err": {},
              "uuid": "67919032-2b07-4b3e-b7bf-694da88bee84",
              "parentUUID": "035730c8-21fc-4661-86e8-66969a691d3e",
              "isHook": false,
              "skipped": false
            },
            {
              "title": "Post number 5!",
              "fullTitle": "axcapital - Blog test Post number 5!",
              "timedOut": null,
              "duration": 2768,
              "state": "passed",
              "speed": "slow",
              "pass": true,
              "fail": false,
              "pending": false,
              "context": null,
              "code": "cy.visit('https://www.axcapital.ae/blog/news?page=1');\ncy.xpath('/html/body/app-root/app-news-page/section[1]/div[2]/div[' + selector + ']/a').click({\n  force: true\n});\ncy.log(selector); // cy.wait(1000)\ncy.get('h1').should('exist'); // cy.go(-1);",
              "err": {},
              "uuid": "7101eeee-7a0b-41e1-982a-6eff340b51d6",
              "parentUUID": "035730c8-21fc-4661-86e8-66969a691d3e",
              "isHook": false,
              "skipped": false
            },
            {
              "title": "Post number 6!",
              "fullTitle": "axcapital - Blog test Post number 6!",
              "timedOut": null,
              "duration": 3289,
              "state": "passed",
              "speed": "slow",
              "pass": true,
              "fail": false,
              "pending": false,
              "context": null,
              "code": "cy.visit('https://www.axcapital.ae/blog/news?page=1');\ncy.xpath('/html/body/app-root/app-news-page/section[1]/div[2]/div[' + selector + ']/a').click({\n  force: true\n});\ncy.log(selector); // cy.wait(1000)\ncy.get('h1').should('exist'); // cy.go(-1);",
              "err": {},
              "uuid": "2497eb44-7a5e-4dbb-a3b0-956e8e6bd49d",
              "parentUUID": "035730c8-21fc-4661-86e8-66969a691d3e",
              "isHook": false,
              "skipped": false
            },
            {
              "title": "Post number 7!",
              "fullTitle": "axcapital - Blog test Post number 7!",
              "timedOut": null,
              "duration": 2310,
              "state": "passed",
              "speed": "slow",
              "pass": true,
              "fail": false,
              "pending": false,
              "context": null,
              "code": "cy.visit('https://www.axcapital.ae/blog/news?page=1');\ncy.xpath('/html/body/app-root/app-news-page/section[1]/div[2]/div[' + selector + ']/a').click({\n  force: true\n});\ncy.log(selector); // cy.wait(1000)\ncy.get('h1').should('exist'); // cy.go(-1);",
              "err": {},
              "uuid": "293b92e5-d422-41cc-92d8-bfd86f32d5b1",
              "parentUUID": "035730c8-21fc-4661-86e8-66969a691d3e",
              "isHook": false,
              "skipped": false
            },
            {
              "title": "Post number 8!",
              "fullTitle": "axcapital - Blog test Post number 8!",
              "timedOut": null,
              "duration": 2696,
              "state": "passed",
              "speed": "slow",
              "pass": true,
              "fail": false,
              "pending": false,
              "context": null,
              "code": "cy.visit('https://www.axcapital.ae/blog/news?page=1');\ncy.xpath('/html/body/app-root/app-news-page/section[1]/div[2]/div[' + selector + ']/a').click({\n  force: true\n});\ncy.log(selector); // cy.wait(1000)\ncy.get('h1').should('exist'); // cy.go(-1);",
              "err": {},
              "uuid": "06b9432e-e8c6-49b8-ad17-d399bd400845",
              "parentUUID": "035730c8-21fc-4661-86e8-66969a691d3e",
              "isHook": false,
              "skipped": false
            },
            {
              "title": "Post number 9!",
              "fullTitle": "axcapital - Blog test Post number 9!",
              "timedOut": null,
              "duration": 1855,
              "state": "passed",
              "speed": "slow",
              "pass": true,
              "fail": false,
              "pending": false,
              "context": null,
              "code": "cy.visit('https://www.axcapital.ae/blog/news?page=1');\ncy.xpath('/html/body/app-root/app-news-page/section[1]/div[2]/div[' + selector + ']/a').click({\n  force: true\n});\ncy.log(selector); // cy.wait(1000)\ncy.get('h1').should('exist'); // cy.go(-1);",
              "err": {},
              "uuid": "d7007f09-94cf-4847-9f3e-da31f62637c9",
              "parentUUID": "035730c8-21fc-4661-86e8-66969a691d3e",
              "isHook": false,
              "skipped": false
            },
            {
              "title": "Post number 10!",
              "fullTitle": "axcapital - Blog test Post number 10!",
              "timedOut": null,
              "duration": 1711,
              "state": "passed",
              "speed": "slow",
              "pass": true,
              "fail": false,
              "pending": false,
              "context": null,
              "code": "cy.visit('https://www.axcapital.ae/blog/news?page=1');\ncy.xpath('/html/body/app-root/app-news-page/section[1]/div[2]/div[' + selector + ']/a').click({\n  force: true\n});\ncy.log(selector); // cy.wait(1000)\ncy.get('h1').should('exist'); // cy.go(-1);",
              "err": {},
              "uuid": "c9e6f886-fdf0-4e3f-8f62-5aa5b41c6c6d",
              "parentUUID": "035730c8-21fc-4661-86e8-66969a691d3e",
              "isHook": false,
              "skipped": false
            },
            {
              "title": "Post number 11!",
              "fullTitle": "axcapital - Blog test Post number 11!",
              "timedOut": null,
              "duration": 2589,
              "state": "passed",
              "speed": "slow",
              "pass": true,
              "fail": false,
              "pending": false,
              "context": null,
              "code": "cy.visit('https://www.axcapital.ae/blog/news?page=1');\ncy.xpath('/html/body/app-root/app-news-page/section[1]/div[2]/div[' + selector + ']/a').click({\n  force: true\n});\ncy.log(selector); // cy.wait(1000)\ncy.get('h1').should('exist'); // cy.go(-1);",
              "err": {},
              "uuid": "4dcab28a-10af-45e5-a513-ad7af70faadb",
              "parentUUID": "035730c8-21fc-4661-86e8-66969a691d3e",
              "isHook": false,
              "skipped": false
            },
            {
              "title": "Post number 12!",
              "fullTitle": "axcapital - Blog test Post number 12!",
              "timedOut": null,
              "duration": 2605,
              "state": "passed",
              "speed": "slow",
              "pass": true,
              "fail": false,
              "pending": false,
              "context": null,
              "code": "cy.visit('https://www.axcapital.ae/blog/news?page=1');\ncy.xpath('/html/body/app-root/app-news-page/section[1]/div[2]/div[' + selector + ']/a').click({\n  force: true\n});\ncy.log(selector); // cy.wait(1000)\ncy.get('h1').should('exist'); // cy.go(-1);",
              "err": {},
              "uuid": "09e58540-d43a-42a1-9650-d03a24f3394f",
              "parentUUID": "035730c8-21fc-4661-86e8-66969a691d3e",
              "isHook": false,
              "skipped": false
            },
            {
              "title": "Post number 13!",
              "fullTitle": "axcapital - Blog test Post number 13!",
              "timedOut": null,
              "duration": 2228,
              "state": "passed",
              "speed": "slow",
              "pass": true,
              "fail": false,
              "pending": false,
              "context": null,
              "code": "cy.visit('https://www.axcapital.ae/blog/news?page=1');\ncy.xpath('/html/body/app-root/app-news-page/section[1]/div[2]/div[' + selector + ']/a').click({\n  force: true\n});\ncy.log(selector); // cy.wait(1000)\ncy.get('h1').should('exist'); // cy.go(-1);",
              "err": {},
              "uuid": "1d6079b0-3c87-445b-8257-8d661e1bdd3f",
              "parentUUID": "035730c8-21fc-4661-86e8-66969a691d3e",
              "isHook": false,
              "skipped": false
            },
            {
              "title": "Post number 14!",
              "fullTitle": "axcapital - Blog test Post number 14!",
              "timedOut": null,
              "duration": 1998,
              "state": "passed",
              "speed": "slow",
              "pass": true,
              "fail": false,
              "pending": false,
              "context": null,
              "code": "cy.visit('https://www.axcapital.ae/blog/news?page=1');\ncy.xpath('/html/body/app-root/app-news-page/section[1]/div[2]/div[' + selector + ']/a').click({\n  force: true\n});\ncy.log(selector); // cy.wait(1000)\ncy.get('h1').should('exist'); // cy.go(-1);",
              "err": {},
              "uuid": "29166d46-8223-4d4c-9e24-fb3f00308b47",
              "parentUUID": "035730c8-21fc-4661-86e8-66969a691d3e",
              "isHook": false,
              "skipped": false
            },
            {
              "title": "Post number 15!",
              "fullTitle": "axcapital - Blog test Post number 15!",
              "timedOut": null,
              "duration": 1802,
              "state": "passed",
              "speed": "slow",
              "pass": true,
              "fail": false,
              "pending": false,
              "context": null,
              "code": "cy.visit('https://www.axcapital.ae/blog/news?page=1');\ncy.xpath('/html/body/app-root/app-news-page/section[1]/div[2]/div[' + selector + ']/a').click({\n  force: true\n});\ncy.log(selector); // cy.wait(1000)\ncy.get('h1').should('exist'); // cy.go(-1);",
              "err": {},
              "uuid": "0513f226-2509-488e-8120-459579abc4be",
              "parentUUID": "035730c8-21fc-4661-86e8-66969a691d3e",
              "isHook": false,
              "skipped": false
            },
            {
              "title": "Post number 16!",
              "fullTitle": "axcapital - Blog test Post number 16!",
              "timedOut": null,
              "duration": 2417,
              "state": "passed",
              "speed": "slow",
              "pass": true,
              "fail": false,
              "pending": false,
              "context": null,
              "code": "cy.visit('https://www.axcapital.ae/blog/news?page=1');\ncy.xpath('/html/body/app-root/app-news-page/section[1]/div[2]/div[' + selector + ']/a').click({\n  force: true\n});\ncy.log(selector); // cy.wait(1000)\ncy.get('h1').should('exist'); // cy.go(-1);",
              "err": {},
              "uuid": "da6d0953-749e-4133-a40c-de418a7a69d7",
              "parentUUID": "035730c8-21fc-4661-86e8-66969a691d3e",
              "isHook": false,
              "skipped": false
            },
            {
              "title": "Second blog page",
              "fullTitle": "axcapital - Blog test Second blog page",
              "timedOut": null,
              "duration": 1692,
              "state": "passed",
              "speed": "slow",
              "pass": true,
              "fail": false,
              "pending": false,
              "context": null,
              "code": "cy.visit('https://www.axcapital.ae/blog/news?page=2');",
              "err": {},
              "uuid": "d0cc04cc-98c9-4502-a63d-45da22a37b04",
              "parentUUID": "035730c8-21fc-4661-86e8-66969a691d3e",
              "isHook": false,
              "skipped": false
            },
            {
              "title": "Post number 1!",
              "fullTitle": "axcapital - Blog test Post number 1!",
              "timedOut": null,
              "duration": 1694,
              "state": "passed",
              "speed": "slow",
              "pass": true,
              "fail": false,
              "pending": false,
              "context": null,
              "code": "cy.xpath('/html/body/app-root/app-news-page/section[1]/div[2]/div[' + selector + ']/a').click({\n  force: true\n});\ncy.log(selector); // cy.wait(1000)\ncy.get('h1').should('exist');\ncy.go(-1);",
              "err": {},
              "uuid": "8dbcf4d1-d627-4cad-a4d1-b3401864f599",
              "parentUUID": "035730c8-21fc-4661-86e8-66969a691d3e",
              "isHook": false,
              "skipped": false
            },
            {
              "title": "Post number 2!",
              "fullTitle": "axcapital - Blog test Post number 2!",
              "timedOut": null,
              "duration": 1259,
              "state": "passed",
              "speed": "slow",
              "pass": true,
              "fail": false,
              "pending": false,
              "context": null,
              "code": "cy.xpath('/html/body/app-root/app-news-page/section[1]/div[2]/div[' + selector + ']/a').click({\n  force: true\n});\ncy.log(selector); // cy.wait(1000)\ncy.get('h1').should('exist');\ncy.go(-1);",
              "err": {},
              "uuid": "24d607ab-2552-42d2-9be7-e9b2a9f00d26",
              "parentUUID": "035730c8-21fc-4661-86e8-66969a691d3e",
              "isHook": false,
              "skipped": false
            },
            {
              "title": "Post number 3!",
              "fullTitle": "axcapital - Blog test Post number 3!",
              "timedOut": null,
              "duration": 1002,
              "state": "passed",
              "speed": "slow",
              "pass": true,
              "fail": false,
              "pending": false,
              "context": null,
              "code": "cy.xpath('/html/body/app-root/app-news-page/section[1]/div[2]/div[' + selector + ']/a').click({\n  force: true\n});\ncy.log(selector); // cy.wait(1000)\ncy.get('h1').should('exist');\ncy.go(-1);",
              "err": {},
              "uuid": "171d6d62-971b-4deb-a540-2a6a2b1bf46b",
              "parentUUID": "035730c8-21fc-4661-86e8-66969a691d3e",
              "isHook": false,
              "skipped": false
            },
            {
              "title": "Post number 4!",
              "fullTitle": "axcapital - Blog test Post number 4!",
              "timedOut": null,
              "duration": 905,
              "state": "passed",
              "speed": "slow",
              "pass": true,
              "fail": false,
              "pending": false,
              "context": null,
              "code": "cy.xpath('/html/body/app-root/app-news-page/section[1]/div[2]/div[' + selector + ']/a').click({\n  force: true\n});\ncy.log(selector); // cy.wait(1000)\ncy.get('h1').should('exist');\ncy.go(-1);",
              "err": {},
              "uuid": "3db1984b-501c-4e46-a1e0-55b02c9447e1",
              "parentUUID": "035730c8-21fc-4661-86e8-66969a691d3e",
              "isHook": false,
              "skipped": false
            },
            {
              "title": "Post number 5!",
              "fullTitle": "axcapital - Blog test Post number 5!",
              "timedOut": null,
              "duration": 1113,
              "state": "passed",
              "speed": "slow",
              "pass": true,
              "fail": false,
              "pending": false,
              "context": null,
              "code": "cy.xpath('/html/body/app-root/app-news-page/section[1]/div[2]/div[' + selector + ']/a').click({\n  force: true\n});\ncy.log(selector); // cy.wait(1000)\ncy.get('h1').should('exist');\ncy.go(-1);",
              "err": {},
              "uuid": "e4c0d8ad-8946-40a4-a759-d1ee20652439",
              "parentUUID": "035730c8-21fc-4661-86e8-66969a691d3e",
              "isHook": false,
              "skipped": false
            },
            {
              "title": "Post number 6!",
              "fullTitle": "axcapital - Blog test Post number 6!",
              "timedOut": null,
              "duration": 864,
              "state": "passed",
              "speed": "slow",
              "pass": true,
              "fail": false,
              "pending": false,
              "context": null,
              "code": "cy.xpath('/html/body/app-root/app-news-page/section[1]/div[2]/div[' + selector + ']/a').click({\n  force: true\n});\ncy.log(selector); // cy.wait(1000)\ncy.get('h1').should('exist');\ncy.go(-1);",
              "err": {},
              "uuid": "5177dcdc-b777-4750-a1bd-7efab29da6c3",
              "parentUUID": "035730c8-21fc-4661-86e8-66969a691d3e",
              "isHook": false,
              "skipped": false
            },
            {
              "title": "Post number 7!",
              "fullTitle": "axcapital - Blog test Post number 7!",
              "timedOut": null,
              "duration": 1081,
              "state": "passed",
              "speed": "slow",
              "pass": true,
              "fail": false,
              "pending": false,
              "context": null,
              "code": "cy.xpath('/html/body/app-root/app-news-page/section[1]/div[2]/div[' + selector + ']/a').click({\n  force: true\n});\ncy.log(selector); // cy.wait(1000)\ncy.get('h1').should('exist');\ncy.go(-1);",
              "err": {},
              "uuid": "43e699e9-6d2f-4198-82a3-4d4b68a0af07",
              "parentUUID": "035730c8-21fc-4661-86e8-66969a691d3e",
              "isHook": false,
              "skipped": false
            },
            {
              "title": "Post number 8!",
              "fullTitle": "axcapital - Blog test Post number 8!",
              "timedOut": null,
              "duration": 895,
              "state": "passed",
              "speed": "slow",
              "pass": true,
              "fail": false,
              "pending": false,
              "context": null,
              "code": "cy.xpath('/html/body/app-root/app-news-page/section[1]/div[2]/div[' + selector + ']/a').click({\n  force: true\n});\ncy.log(selector); // cy.wait(1000)\ncy.get('h1').should('exist');\ncy.go(-1);",
              "err": {},
              "uuid": "c4590e08-ef60-4cd2-8d4d-ef3810a0fdef",
              "parentUUID": "035730c8-21fc-4661-86e8-66969a691d3e",
              "isHook": false,
              "skipped": false
            },
            {
              "title": "Post number 9!",
              "fullTitle": "axcapital - Blog test Post number 9!",
              "timedOut": null,
              "duration": 747,
              "state": "passed",
              "speed": "slow",
              "pass": true,
              "fail": false,
              "pending": false,
              "context": null,
              "code": "cy.xpath('/html/body/app-root/app-news-page/section[1]/div[2]/div[' + selector + ']/a').click({\n  force: true\n});\ncy.log(selector); // cy.wait(1000)\ncy.get('h1').should('exist');\ncy.go(-1);",
              "err": {},
              "uuid": "13d8ebfa-addf-4d28-8491-36e5c0b6de02",
              "parentUUID": "035730c8-21fc-4661-86e8-66969a691d3e",
              "isHook": false,
              "skipped": false
            },
            {
              "title": "Post number 10!",
              "fullTitle": "axcapital - Blog test Post number 10!",
              "timedOut": null,
              "duration": 1309,
              "state": "passed",
              "speed": "slow",
              "pass": true,
              "fail": false,
              "pending": false,
              "context": null,
              "code": "cy.xpath('/html/body/app-root/app-news-page/section[1]/div[2]/div[' + selector + ']/a').click({\n  force: true\n});\ncy.log(selector); // cy.wait(1000)\ncy.get('h1').should('exist');\ncy.go(-1);",
              "err": {},
              "uuid": "2f411003-f89f-4c94-b87b-a3f8bf9e39c6",
              "parentUUID": "035730c8-21fc-4661-86e8-66969a691d3e",
              "isHook": false,
              "skipped": false
            },
            {
              "title": "Post number 11!",
              "fullTitle": "axcapital - Blog test Post number 11!",
              "timedOut": null,
              "duration": 804,
              "state": "passed",
              "speed": "slow",
              "pass": true,
              "fail": false,
              "pending": false,
              "context": null,
              "code": "cy.xpath('/html/body/app-root/app-news-page/section[1]/div[2]/div[' + selector + ']/a').click({\n  force: true\n});\ncy.log(selector); // cy.wait(1000)\ncy.get('h1').should('exist');\ncy.go(-1);",
              "err": {},
              "uuid": "40e2d914-88e4-4598-8c08-dbab6931ad0f",
              "parentUUID": "035730c8-21fc-4661-86e8-66969a691d3e",
              "isHook": false,
              "skipped": false
            },
            {
              "title": "Post number 12!",
              "fullTitle": "axcapital - Blog test Post number 12!",
              "timedOut": null,
              "duration": 915,
              "state": "passed",
              "speed": "slow",
              "pass": true,
              "fail": false,
              "pending": false,
              "context": null,
              "code": "cy.xpath('/html/body/app-root/app-news-page/section[1]/div[2]/div[' + selector + ']/a').click({\n  force: true\n});\ncy.log(selector); // cy.wait(1000)\ncy.get('h1').should('exist');\ncy.go(-1);",
              "err": {},
              "uuid": "219cdaaa-7cdf-4a46-a703-7caf8942a6a7",
              "parentUUID": "035730c8-21fc-4661-86e8-66969a691d3e",
              "isHook": false,
              "skipped": false
            },
            {
              "title": "Post number 13!",
              "fullTitle": "axcapital - Blog test Post number 13!",
              "timedOut": null,
              "duration": 838,
              "state": "passed",
              "speed": "slow",
              "pass": true,
              "fail": false,
              "pending": false,
              "context": null,
              "code": "cy.xpath('/html/body/app-root/app-news-page/section[1]/div[2]/div[' + selector + ']/a').click({\n  force: true\n});\ncy.log(selector); // cy.wait(1000)\ncy.get('h1').should('exist');\ncy.go(-1);",
              "err": {},
              "uuid": "3d1df93a-f0d7-4ce9-a985-1ab58be19a2d",
              "parentUUID": "035730c8-21fc-4661-86e8-66969a691d3e",
              "isHook": false,
              "skipped": false
            },
            {
              "title": "Post number 14!",
              "fullTitle": "axcapital - Blog test Post number 14!",
              "timedOut": null,
              "duration": 946,
              "state": "passed",
              "speed": "slow",
              "pass": true,
              "fail": false,
              "pending": false,
              "context": null,
              "code": "cy.xpath('/html/body/app-root/app-news-page/section[1]/div[2]/div[' + selector + ']/a').click({\n  force: true\n});\ncy.log(selector); // cy.wait(1000)\ncy.get('h1').should('exist');\ncy.go(-1);",
              "err": {},
              "uuid": "5b18663a-f65c-4e57-adfa-a5a05f0ef490",
              "parentUUID": "035730c8-21fc-4661-86e8-66969a691d3e",
              "isHook": false,
              "skipped": false
            },
            {
              "title": "Post number 15!",
              "fullTitle": "axcapital - Blog test Post number 15!",
              "timedOut": null,
              "duration": 937,
              "state": "passed",
              "speed": "slow",
              "pass": true,
              "fail": false,
              "pending": false,
              "context": null,
              "code": "cy.xpath('/html/body/app-root/app-news-page/section[1]/div[2]/div[' + selector + ']/a').click({\n  force: true\n});\ncy.log(selector); // cy.wait(1000)\ncy.get('h1').should('exist');\ncy.go(-1);",
              "err": {},
              "uuid": "79c36089-9788-44c9-82c8-9c3df76b7ef1",
              "parentUUID": "035730c8-21fc-4661-86e8-66969a691d3e",
              "isHook": false,
              "skipped": false
            },
            {
              "title": "Post number 16!",
              "fullTitle": "axcapital - Blog test Post number 16!",
              "timedOut": null,
              "duration": 850,
              "state": "passed",
              "speed": "slow",
              "pass": true,
              "fail": false,
              "pending": false,
              "context": null,
              "code": "cy.xpath('/html/body/app-root/app-news-page/section[1]/div[2]/div[' + selector + ']/a').click({\n  force: true\n});\ncy.log(selector); // cy.wait(1000)\ncy.get('h1').should('exist');\ncy.go(-1);",
              "err": {},
              "uuid": "16614124-2218-43ce-a3bb-8366cf67cae9",
              "parentUUID": "035730c8-21fc-4661-86e8-66969a691d3e",
              "isHook": false,
              "skipped": false
            },
            {
              "title": "Third blog page",
              "fullTitle": "axcapital - Blog test Third blog page",
              "timedOut": null,
              "duration": 2614,
              "state": "passed",
              "speed": "slow",
              "pass": true,
              "fail": false,
              "pending": false,
              "context": null,
              "code": "cy.visit('https://www.axcapital.ae/blog/news?page=3');",
              "err": {},
              "uuid": "063de59b-7fc3-4b09-8f42-16cc5cbb7c5d",
              "parentUUID": "035730c8-21fc-4661-86e8-66969a691d3e",
              "isHook": false,
              "skipped": false
            },
            {
              "title": "Post number 1!",
              "fullTitle": "axcapital - Blog test Post number 1!",
              "timedOut": null,
              "duration": 1062,
              "state": "passed",
              "speed": "slow",
              "pass": true,
              "fail": false,
              "pending": false,
              "context": null,
              "code": "cy.xpath('/html/body/app-root/app-news-page/section[1]/div[2]/div[' + selector + ']/a').click({\n  force: true\n});\ncy.log(selector); // cy.wait(1000)\ncy.get('h1').should('exist');\ncy.go(-1);",
              "err": {},
              "uuid": "4666379d-4e4a-4e4d-ad1d-da96fa643118",
              "parentUUID": "035730c8-21fc-4661-86e8-66969a691d3e",
              "isHook": false,
              "skipped": false
            },
            {
              "title": "Post number 2!",
              "fullTitle": "axcapital - Blog test Post number 2!",
              "timedOut": null,
              "duration": 824,
              "state": "passed",
              "speed": "slow",
              "pass": true,
              "fail": false,
              "pending": false,
              "context": null,
              "code": "cy.xpath('/html/body/app-root/app-news-page/section[1]/div[2]/div[' + selector + ']/a').click({\n  force: true\n});\ncy.log(selector); // cy.wait(1000)\ncy.get('h1').should('exist');\ncy.go(-1);",
              "err": {},
              "uuid": "2c67e8aa-475c-4a32-9aa3-64f3a5234861",
              "parentUUID": "035730c8-21fc-4661-86e8-66969a691d3e",
              "isHook": false,
              "skipped": false
            },
            {
              "title": "Post number 3!",
              "fullTitle": "axcapital - Blog test Post number 3!",
              "timedOut": null,
              "duration": 1098,
              "state": "passed",
              "speed": "slow",
              "pass": true,
              "fail": false,
              "pending": false,
              "context": null,
              "code": "cy.xpath('/html/body/app-root/app-news-page/section[1]/div[2]/div[' + selector + ']/a').click({\n  force: true\n});\ncy.log(selector); // cy.wait(1000)\ncy.get('h1').should('exist');\ncy.go(-1);",
              "err": {},
              "uuid": "35fd9ff6-97f3-4a46-be3e-ca9a82c2f27c",
              "parentUUID": "035730c8-21fc-4661-86e8-66969a691d3e",
              "isHook": false,
              "skipped": false
            },
            {
              "title": "Post number 4!",
              "fullTitle": "axcapital - Blog test Post number 4!",
              "timedOut": null,
              "duration": 920,
              "state": "passed",
              "speed": "slow",
              "pass": true,
              "fail": false,
              "pending": false,
              "context": null,
              "code": "cy.xpath('/html/body/app-root/app-news-page/section[1]/div[2]/div[' + selector + ']/a').click({\n  force: true\n});\ncy.log(selector); // cy.wait(1000)\ncy.get('h1').should('exist');\ncy.go(-1);",
              "err": {},
              "uuid": "ae395fc4-1c14-4cdb-9f80-8943b541021b",
              "parentUUID": "035730c8-21fc-4661-86e8-66969a691d3e",
              "isHook": false,
              "skipped": false
            },
            {
              "title": "Post number 5!",
              "fullTitle": "axcapital - Blog test Post number 5!",
              "timedOut": null,
              "duration": 1107,
              "state": "passed",
              "speed": "slow",
              "pass": true,
              "fail": false,
              "pending": false,
              "context": null,
              "code": "cy.xpath('/html/body/app-root/app-news-page/section[1]/div[2]/div[' + selector + ']/a').click({\n  force: true\n});\ncy.log(selector); // cy.wait(1000)\ncy.get('h1').should('exist');\ncy.go(-1);",
              "err": {},
              "uuid": "993f9a4f-ed56-4b0d-84fc-b014745f8e5a",
              "parentUUID": "035730c8-21fc-4661-86e8-66969a691d3e",
              "isHook": false,
              "skipped": false
            },
            {
              "title": "Post number 6!",
              "fullTitle": "axcapital - Blog test Post number 6!",
              "timedOut": null,
              "duration": 764,
              "state": "passed",
              "speed": "slow",
              "pass": true,
              "fail": false,
              "pending": false,
              "context": null,
              "code": "cy.xpath('/html/body/app-root/app-news-page/section[1]/div[2]/div[' + selector + ']/a').click({\n  force: true\n});\ncy.log(selector); // cy.wait(1000)\ncy.get('h1').should('exist');\ncy.go(-1);",
              "err": {},
              "uuid": "f20b0b3e-d1f6-402e-8a91-612f8c9190bf",
              "parentUUID": "035730c8-21fc-4661-86e8-66969a691d3e",
              "isHook": false,
              "skipped": false
            },
            {
              "title": "Post number 7!",
              "fullTitle": "axcapital - Blog test Post number 7!",
              "timedOut": null,
              "duration": 958,
              "state": "passed",
              "speed": "slow",
              "pass": true,
              "fail": false,
              "pending": false,
              "context": null,
              "code": "cy.xpath('/html/body/app-root/app-news-page/section[1]/div[2]/div[' + selector + ']/a').click({\n  force: true\n});\ncy.log(selector); // cy.wait(1000)\ncy.get('h1').should('exist');\ncy.go(-1);",
              "err": {},
              "uuid": "4305679c-b3df-42f4-be4b-544d6da57ccb",
              "parentUUID": "035730c8-21fc-4661-86e8-66969a691d3e",
              "isHook": false,
              "skipped": false
            },
            {
              "title": "Post number 8!",
              "fullTitle": "axcapital - Blog test Post number 8!",
              "timedOut": null,
              "duration": 962,
              "state": "passed",
              "speed": "slow",
              "pass": true,
              "fail": false,
              "pending": false,
              "context": null,
              "code": "cy.xpath('/html/body/app-root/app-news-page/section[1]/div[2]/div[' + selector + ']/a').click({\n  force: true\n});\ncy.log(selector); // cy.wait(1000)\ncy.get('h1').should('exist');\ncy.go(-1);",
              "err": {},
              "uuid": "662fe30a-4a06-4dd3-ba24-dc04ba5a67be",
              "parentUUID": "035730c8-21fc-4661-86e8-66969a691d3e",
              "isHook": false,
              "skipped": false
            },
            {
              "title": "Post number 9!",
              "fullTitle": "axcapital - Blog test Post number 9!",
              "timedOut": null,
              "duration": 930,
              "state": "passed",
              "speed": "slow",
              "pass": true,
              "fail": false,
              "pending": false,
              "context": null,
              "code": "cy.xpath('/html/body/app-root/app-news-page/section[1]/div[2]/div[' + selector + ']/a').click({\n  force: true\n});\ncy.log(selector); // cy.wait(1000)\ncy.get('h1').should('exist');\ncy.go(-1);",
              "err": {},
              "uuid": "468a00ac-f13b-406e-84b2-0cc5e0eef5a0",
              "parentUUID": "035730c8-21fc-4661-86e8-66969a691d3e",
              "isHook": false,
              "skipped": false
            },
            {
              "title": "Post number 10!",
              "fullTitle": "axcapital - Blog test Post number 10!",
              "timedOut": null,
              "duration": 920,
              "state": "passed",
              "speed": "slow",
              "pass": true,
              "fail": false,
              "pending": false,
              "context": null,
              "code": "cy.xpath('/html/body/app-root/app-news-page/section[1]/div[2]/div[' + selector + ']/a').click({\n  force: true\n});\ncy.log(selector); // cy.wait(1000)\ncy.get('h1').should('exist');\ncy.go(-1);",
              "err": {},
              "uuid": "de2c55e1-00fa-4ed5-a47f-820bbac7afe7",
              "parentUUID": "035730c8-21fc-4661-86e8-66969a691d3e",
              "isHook": false,
              "skipped": false
            },
            {
              "title": "Post number 11!",
              "fullTitle": "axcapital - Blog test Post number 11!",
              "timedOut": null,
              "duration": 789,
              "state": "passed",
              "speed": "slow",
              "pass": true,
              "fail": false,
              "pending": false,
              "context": null,
              "code": "cy.xpath('/html/body/app-root/app-news-page/section[1]/div[2]/div[' + selector + ']/a').click({\n  force: true\n});\ncy.log(selector); // cy.wait(1000)\ncy.get('h1').should('exist');\ncy.go(-1);",
              "err": {},
              "uuid": "960341c7-e18e-474e-8751-fd955c35b2c1",
              "parentUUID": "035730c8-21fc-4661-86e8-66969a691d3e",
              "isHook": false,
              "skipped": false
            },
            {
              "title": "Post number 12!",
              "fullTitle": "axcapital - Blog test Post number 12!",
              "timedOut": null,
              "duration": 1187,
              "state": "passed",
              "speed": "slow",
              "pass": true,
              "fail": false,
              "pending": false,
              "context": null,
              "code": "cy.xpath('/html/body/app-root/app-news-page/section[1]/div[2]/div[' + selector + ']/a').click({\n  force: true\n});\ncy.log(selector); // cy.wait(1000)\ncy.get('h1').should('exist');\ncy.go(-1);",
              "err": {},
              "uuid": "a802253d-3853-44ca-a192-3972f90b89f5",
              "parentUUID": "035730c8-21fc-4661-86e8-66969a691d3e",
              "isHook": false,
              "skipped": false
            },
            {
              "title": "Post number 13!",
              "fullTitle": "axcapital - Blog test Post number 13!",
              "timedOut": null,
              "duration": 841,
              "state": "passed",
              "speed": "slow",
              "pass": true,
              "fail": false,
              "pending": false,
              "context": null,
              "code": "cy.xpath('/html/body/app-root/app-news-page/section[1]/div[2]/div[' + selector + ']/a').click({\n  force: true\n});\ncy.log(selector); // cy.wait(1000)\ncy.get('h1').should('exist');\ncy.go(-1);",
              "err": {},
              "uuid": "37099bae-bfee-4ff6-99fa-fd55a0e4aefe",
              "parentUUID": "035730c8-21fc-4661-86e8-66969a691d3e",
              "isHook": false,
              "skipped": false
            },
            {
              "title": "Post number 14!",
              "fullTitle": "axcapital - Blog test Post number 14!",
              "timedOut": null,
              "duration": 793,
              "state": "passed",
              "speed": "slow",
              "pass": true,
              "fail": false,
              "pending": false,
              "context": null,
              "code": "cy.xpath('/html/body/app-root/app-news-page/section[1]/div[2]/div[' + selector + ']/a').click({\n  force: true\n});\ncy.log(selector); // cy.wait(1000)\ncy.get('h1').should('exist');\ncy.go(-1);",
              "err": {},
              "uuid": "b7eaa54a-53f7-4fbf-8778-526ec0be3a9d",
              "parentUUID": "035730c8-21fc-4661-86e8-66969a691d3e",
              "isHook": false,
              "skipped": false
            },
            {
              "title": "Post number 15!",
              "fullTitle": "axcapital - Blog test Post number 15!",
              "timedOut": null,
              "duration": 949,
              "state": "passed",
              "speed": "slow",
              "pass": true,
              "fail": false,
              "pending": false,
              "context": null,
              "code": "cy.xpath('/html/body/app-root/app-news-page/section[1]/div[2]/div[' + selector + ']/a').click({\n  force: true\n});\ncy.log(selector); // cy.wait(1000)\ncy.get('h1').should('exist');\ncy.go(-1);",
              "err": {},
              "uuid": "d24b35ce-6faa-413e-8892-773f56fc5ecb",
              "parentUUID": "035730c8-21fc-4661-86e8-66969a691d3e",
              "isHook": false,
              "skipped": false
            },
            {
              "title": "Post number 16!",
              "fullTitle": "axcapital - Blog test Post number 16!",
              "timedOut": null,
              "duration": 939,
              "state": "passed",
              "speed": "slow",
              "pass": true,
              "fail": false,
              "pending": false,
              "context": null,
              "code": "cy.xpath('/html/body/app-root/app-news-page/section[1]/div[2]/div[' + selector + ']/a').click({\n  force: true\n});\ncy.log(selector); // cy.wait(1000)\ncy.get('h1').should('exist');\ncy.go(-1);",
              "err": {},
              "uuid": "1bffd63a-0fca-473b-8ffc-c01514d9a9bc",
              "parentUUID": "035730c8-21fc-4661-86e8-66969a691d3e",
              "isHook": false,
              "skipped": false
            },
            {
              "title": "Forth blog page",
              "fullTitle": "axcapital - Blog test Forth blog page",
              "timedOut": null,
              "duration": 4052,
              "state": "passed",
              "speed": "slow",
              "pass": true,
              "fail": false,
              "pending": false,
              "context": null,
              "code": "cy.visit('https://www.axcapital.ae/blog/news?page=4');",
              "err": {},
              "uuid": "7b6272a0-b1ec-4073-a4a1-1d933a94f0dc",
              "parentUUID": "035730c8-21fc-4661-86e8-66969a691d3e",
              "isHook": false,
              "skipped": false
            },
            {
              "title": "Post number 1!",
              "fullTitle": "axcapital - Blog test Post number 1!",
              "timedOut": null,
              "duration": 710,
              "state": "passed",
              "speed": "slow",
              "pass": true,
              "fail": false,
              "pending": false,
              "context": null,
              "code": "cy.xpath('/html/body/app-root/app-news-page/section[1]/div[2]/div[' + selector + ']/a').click({\n  force: true\n});\ncy.log(selector); // cy.wait(1000)\ncy.get('h1').should('exist');\ncy.go(-1);",
              "err": {},
              "uuid": "49a9df49-a480-4c7b-862c-e23f3f90815b",
              "parentUUID": "035730c8-21fc-4661-86e8-66969a691d3e",
              "isHook": false,
              "skipped": false
            },
            {
              "title": "Post number 2!",
              "fullTitle": "axcapital - Blog test Post number 2!",
              "timedOut": null,
              "duration": 1034,
              "state": "passed",
              "speed": "slow",
              "pass": true,
              "fail": false,
              "pending": false,
              "context": null,
              "code": "cy.xpath('/html/body/app-root/app-news-page/section[1]/div[2]/div[' + selector + ']/a').click({\n  force: true\n});\ncy.log(selector); // cy.wait(1000)\ncy.get('h1').should('exist');\ncy.go(-1);",
              "err": {},
              "uuid": "fe0c02f9-dd00-42eb-b774-15a3fcd9d02e",
              "parentUUID": "035730c8-21fc-4661-86e8-66969a691d3e",
              "isHook": false,
              "skipped": false
            },
            {
              "title": "Post number 3!",
              "fullTitle": "axcapital - Blog test Post number 3!",
              "timedOut": null,
              "duration": 1176,
              "state": "passed",
              "speed": "slow",
              "pass": true,
              "fail": false,
              "pending": false,
              "context": null,
              "code": "cy.xpath('/html/body/app-root/app-news-page/section[1]/div[2]/div[' + selector + ']/a').click({\n  force: true\n});\ncy.log(selector); // cy.wait(1000)\ncy.get('h1').should('exist');\ncy.go(-1);",
              "err": {},
              "uuid": "eb128433-5cb0-4b7a-83be-0a294ec92dc2",
              "parentUUID": "035730c8-21fc-4661-86e8-66969a691d3e",
              "isHook": false,
              "skipped": false
            },
            {
              "title": "Post number 4!",
              "fullTitle": "axcapital - Blog test Post number 4!",
              "timedOut": null,
              "duration": 904,
              "state": "passed",
              "speed": "slow",
              "pass": true,
              "fail": false,
              "pending": false,
              "context": null,
              "code": "cy.xpath('/html/body/app-root/app-news-page/section[1]/div[2]/div[' + selector + ']/a').click({\n  force: true\n});\ncy.log(selector); // cy.wait(1000)\ncy.get('h1').should('exist');\ncy.go(-1);",
              "err": {},
              "uuid": "b7040257-c996-43d4-842d-dfcd4d2f0ee2",
              "parentUUID": "035730c8-21fc-4661-86e8-66969a691d3e",
              "isHook": false,
              "skipped": false
            },
            {
              "title": "Post number 5!",
              "fullTitle": "axcapital - Blog test Post number 5!",
              "timedOut": null,
              "duration": 1788,
              "state": "passed",
              "speed": "slow",
              "pass": true,
              "fail": false,
              "pending": false,
              "context": null,
              "code": "cy.xpath('/html/body/app-root/app-news-page/section[1]/div[2]/div[' + selector + ']/a').click({\n  force: true\n});\ncy.log(selector); // cy.wait(1000)\ncy.get('h1').should('exist');\ncy.go(-1);",
              "err": {},
              "uuid": "34e8679d-124e-4380-bb59-68fe5e28da3a",
              "parentUUID": "035730c8-21fc-4661-86e8-66969a691d3e",
              "isHook": false,
              "skipped": false
            },
            {
              "title": "Post number 6!",
              "fullTitle": "axcapital - Blog test Post number 6!",
              "timedOut": null,
              "duration": 1014,
              "state": "passed",
              "speed": "slow",
              "pass": true,
              "fail": false,
              "pending": false,
              "context": null,
              "code": "cy.xpath('/html/body/app-root/app-news-page/section[1]/div[2]/div[' + selector + ']/a').click({\n  force: true\n});\ncy.log(selector); // cy.wait(1000)\ncy.get('h1').should('exist');\ncy.go(-1);",
              "err": {},
              "uuid": "99daf6af-065d-4c83-b0e3-135353e2a8f8",
              "parentUUID": "035730c8-21fc-4661-86e8-66969a691d3e",
              "isHook": false,
              "skipped": false
            },
            {
              "title": "Post number 7!",
              "fullTitle": "axcapital - Blog test Post number 7!",
              "timedOut": null,
              "duration": 911,
              "state": "passed",
              "speed": "slow",
              "pass": true,
              "fail": false,
              "pending": false,
              "context": null,
              "code": "cy.xpath('/html/body/app-root/app-news-page/section[1]/div[2]/div[' + selector + ']/a').click({\n  force: true\n});\ncy.log(selector); // cy.wait(1000)\ncy.get('h1').should('exist');\ncy.go(-1);",
              "err": {},
              "uuid": "03bb1cb3-e7c8-4a96-ae5d-3debb309b887",
              "parentUUID": "035730c8-21fc-4661-86e8-66969a691d3e",
              "isHook": false,
              "skipped": false
            },
            {
              "title": "Post number 8!",
              "fullTitle": "axcapital - Blog test Post number 8!",
              "timedOut": null,
              "duration": 922,
              "state": "passed",
              "speed": "slow",
              "pass": true,
              "fail": false,
              "pending": false,
              "context": null,
              "code": "cy.xpath('/html/body/app-root/app-news-page/section[1]/div[2]/div[' + selector + ']/a').click({\n  force: true\n});\ncy.log(selector); // cy.wait(1000)\ncy.get('h1').should('exist');\ncy.go(-1);",
              "err": {},
              "uuid": "6dad0568-a02b-431e-af25-e85a56685719",
              "parentUUID": "035730c8-21fc-4661-86e8-66969a691d3e",
              "isHook": false,
              "skipped": false
            },
            {
              "title": "Post number 9!",
              "fullTitle": "axcapital - Blog test Post number 9!",
              "timedOut": null,
              "duration": 988,
              "state": "passed",
              "speed": "slow",
              "pass": true,
              "fail": false,
              "pending": false,
              "context": null,
              "code": "cy.xpath('/html/body/app-root/app-news-page/section[1]/div[2]/div[' + selector + ']/a').click({\n  force: true\n});\ncy.log(selector); // cy.wait(1000)\ncy.get('h1').should('exist');\ncy.go(-1);",
              "err": {},
              "uuid": "35fe3aec-4c23-4a78-9298-25ac72471a36",
              "parentUUID": "035730c8-21fc-4661-86e8-66969a691d3e",
              "isHook": false,
              "skipped": false
            },
            {
              "title": "Post number 10!",
              "fullTitle": "axcapital - Blog test Post number 10!",
              "timedOut": null,
              "duration": 920,
              "state": "passed",
              "speed": "slow",
              "pass": true,
              "fail": false,
              "pending": false,
              "context": null,
              "code": "cy.xpath('/html/body/app-root/app-news-page/section[1]/div[2]/div[' + selector + ']/a').click({\n  force: true\n});\ncy.log(selector); // cy.wait(1000)\ncy.get('h1').should('exist');\ncy.go(-1);",
              "err": {},
              "uuid": "f0da8bd3-dc66-4c45-a50a-64b641ba0ed9",
              "parentUUID": "035730c8-21fc-4661-86e8-66969a691d3e",
              "isHook": false,
              "skipped": false
            },
            {
              "title": "Post number 11!",
              "fullTitle": "axcapital - Blog test Post number 11!",
              "timedOut": null,
              "duration": 1257,
              "state": "passed",
              "speed": "slow",
              "pass": true,
              "fail": false,
              "pending": false,
              "context": null,
              "code": "cy.xpath('/html/body/app-root/app-news-page/section[1]/div[2]/div[' + selector + ']/a').click({\n  force: true\n});\ncy.log(selector); // cy.wait(1000)\ncy.get('h1').should('exist');\ncy.go(-1);",
              "err": {},
              "uuid": "2f4bcfc3-0b72-48fe-893c-a17b60f5f41c",
              "parentUUID": "035730c8-21fc-4661-86e8-66969a691d3e",
              "isHook": false,
              "skipped": false
            },
            {
              "title": "Post number 12!",
              "fullTitle": "axcapital - Blog test Post number 12!",
              "timedOut": null,
              "duration": 911,
              "state": "passed",
              "speed": "slow",
              "pass": true,
              "fail": false,
              "pending": false,
              "context": null,
              "code": "cy.xpath('/html/body/app-root/app-news-page/section[1]/div[2]/div[' + selector + ']/a').click({\n  force: true\n});\ncy.log(selector); // cy.wait(1000)\ncy.get('h1').should('exist');\ncy.go(-1);",
              "err": {},
              "uuid": "4f29be1b-c507-4fb0-a309-8293361c486e",
              "parentUUID": "035730c8-21fc-4661-86e8-66969a691d3e",
              "isHook": false,
              "skipped": false
            },
            {
              "title": "Post number 13!",
              "fullTitle": "axcapital - Blog test Post number 13!",
              "timedOut": null,
              "duration": 916,
              "state": "passed",
              "speed": "slow",
              "pass": true,
              "fail": false,
              "pending": false,
              "context": null,
              "code": "cy.xpath('/html/body/app-root/app-news-page/section[1]/div[2]/div[' + selector + ']/a').click({\n  force: true\n});\ncy.log(selector); // cy.wait(1000)\ncy.get('h1').should('exist');\ncy.go(-1);",
              "err": {},
              "uuid": "f63d550e-01cb-40c4-8a15-f7dd4961bd46",
              "parentUUID": "035730c8-21fc-4661-86e8-66969a691d3e",
              "isHook": false,
              "skipped": false
            },
            {
              "title": "Post number 14!",
              "fullTitle": "axcapital - Blog test Post number 14!",
              "timedOut": null,
              "duration": 916,
              "state": "passed",
              "speed": "slow",
              "pass": true,
              "fail": false,
              "pending": false,
              "context": null,
              "code": "cy.xpath('/html/body/app-root/app-news-page/section[1]/div[2]/div[' + selector + ']/a').click({\n  force: true\n});\ncy.log(selector); // cy.wait(1000)\ncy.get('h1').should('exist');\ncy.go(-1);",
              "err": {},
              "uuid": "cc06b940-213c-41cf-a37c-01b59d52cbd6",
              "parentUUID": "035730c8-21fc-4661-86e8-66969a691d3e",
              "isHook": false,
              "skipped": false
            },
            {
              "title": "Post number 15!",
              "fullTitle": "axcapital - Blog test Post number 15!",
              "timedOut": null,
              "duration": 1014,
              "state": "passed",
              "speed": "slow",
              "pass": true,
              "fail": false,
              "pending": false,
              "context": null,
              "code": "cy.xpath('/html/body/app-root/app-news-page/section[1]/div[2]/div[' + selector + ']/a').click({\n  force: true\n});\ncy.log(selector); // cy.wait(1000)\ncy.get('h1').should('exist');\ncy.go(-1);",
              "err": {},
              "uuid": "ff523f16-8197-41af-9e5f-2cb7cf496d32",
              "parentUUID": "035730c8-21fc-4661-86e8-66969a691d3e",
              "isHook": false,
              "skipped": false
            },
            {
              "title": "Post number 16!",
              "fullTitle": "axcapital - Blog test Post number 16!",
              "timedOut": null,
              "duration": 944,
              "state": "passed",
              "speed": "slow",
              "pass": true,
              "fail": false,
              "pending": false,
              "context": null,
              "code": "cy.xpath('/html/body/app-root/app-news-page/section[1]/div[2]/div[' + selector + ']/a').click({\n  force: true\n});\ncy.log(selector); // cy.wait(1000)\ncy.get('h1').should('exist');\ncy.go(-1);",
              "err": {},
              "uuid": "19ca5897-8f56-4301-9952-b67fc92db6f5",
              "parentUUID": "035730c8-21fc-4661-86e8-66969a691d3e",
              "isHook": false,
              "skipped": false
            },
            {
              "title": "Fifth blog page",
              "fullTitle": "axcapital - Blog test Fifth blog page",
              "timedOut": null,
              "duration": 2720,
              "state": "passed",
              "speed": "slow",
              "pass": true,
              "fail": false,
              "pending": false,
              "context": null,
              "code": "cy.visit('https://www.axcapital.ae/blog/news?page=5');",
              "err": {},
              "uuid": "911ff03d-0c15-4200-b3ab-54d784bd84c8",
              "parentUUID": "035730c8-21fc-4661-86e8-66969a691d3e",
              "isHook": false,
              "skipped": false
            },
            {
              "title": "Post number 1!",
              "fullTitle": "axcapital - Blog test Post number 1!",
              "timedOut": null,
              "duration": 839,
              "state": "passed",
              "speed": "slow",
              "pass": true,
              "fail": false,
              "pending": false,
              "context": null,
              "code": "cy.xpath('/html/body/app-root/app-news-page/section[1]/div[2]/div[' + selector + ']/a').click({\n  force: true\n});\ncy.log(selector); // cy.wait(1000)\ncy.get('h1').should('exist');\ncy.go(-1);",
              "err": {},
              "uuid": "c2b4042f-961f-416a-80ab-a18fce5f8e05",
              "parentUUID": "035730c8-21fc-4661-86e8-66969a691d3e",
              "isHook": false,
              "skipped": false
            },
            {
              "title": "Post number 2!",
              "fullTitle": "axcapital - Blog test Post number 2!",
              "timedOut": null,
              "duration": 1264,
              "state": "passed",
              "speed": "slow",
              "pass": true,
              "fail": false,
              "pending": false,
              "context": null,
              "code": "cy.xpath('/html/body/app-root/app-news-page/section[1]/div[2]/div[' + selector + ']/a').click({\n  force: true\n});\ncy.log(selector); // cy.wait(1000)\ncy.get('h1').should('exist');\ncy.go(-1);",
              "err": {},
              "uuid": "bad3b6bc-a3a5-42f8-b331-e2b22fb91fda",
              "parentUUID": "035730c8-21fc-4661-86e8-66969a691d3e",
              "isHook": false,
              "skipped": false
            },
            {
              "title": "Post number 3!",
              "fullTitle": "axcapital - Blog test Post number 3!",
              "timedOut": null,
              "duration": 982,
              "state": "passed",
              "speed": "slow",
              "pass": true,
              "fail": false,
              "pending": false,
              "context": null,
              "code": "cy.xpath('/html/body/app-root/app-news-page/section[1]/div[2]/div[' + selector + ']/a').click({\n  force: true\n});\ncy.log(selector); // cy.wait(1000)\ncy.get('h1').should('exist');\ncy.go(-1);",
              "err": {},
              "uuid": "1a97a17b-0508-4c24-8a79-9bd327baf4bf",
              "parentUUID": "035730c8-21fc-4661-86e8-66969a691d3e",
              "isHook": false,
              "skipped": false
            },
            {
              "title": "Post number 4!",
              "fullTitle": "axcapital - Blog test Post number 4!",
              "timedOut": null,
              "duration": 1274,
              "state": "passed",
              "speed": "slow",
              "pass": true,
              "fail": false,
              "pending": false,
              "context": null,
              "code": "cy.xpath('/html/body/app-root/app-news-page/section[1]/div[2]/div[' + selector + ']/a').click({\n  force: true\n});\ncy.log(selector); // cy.wait(1000)\ncy.get('h1').should('exist');\ncy.go(-1);",
              "err": {},
              "uuid": "0a25527e-9d17-4f70-844f-965fe6333e22",
              "parentUUID": "035730c8-21fc-4661-86e8-66969a691d3e",
              "isHook": false,
              "skipped": false
            },
            {
              "title": "Post number 5!",
              "fullTitle": "axcapital - Blog test Post number 5!",
              "timedOut": null,
              "duration": 1049,
              "state": "passed",
              "speed": "slow",
              "pass": true,
              "fail": false,
              "pending": false,
              "context": null,
              "code": "cy.xpath('/html/body/app-root/app-news-page/section[1]/div[2]/div[' + selector + ']/a').click({\n  force: true\n});\ncy.log(selector); // cy.wait(1000)\ncy.get('h1').should('exist');\ncy.go(-1);",
              "err": {},
              "uuid": "497ae037-9d65-46ac-9879-4cc6cd0aee9f",
              "parentUUID": "035730c8-21fc-4661-86e8-66969a691d3e",
              "isHook": false,
              "skipped": false
            },
            {
              "title": "Post number 6!",
              "fullTitle": "axcapital - Blog test Post number 6!",
              "timedOut": null,
              "duration": 840,
              "state": "passed",
              "speed": "slow",
              "pass": true,
              "fail": false,
              "pending": false,
              "context": null,
              "code": "cy.xpath('/html/body/app-root/app-news-page/section[1]/div[2]/div[' + selector + ']/a').click({\n  force: true\n});\ncy.log(selector); // cy.wait(1000)\ncy.get('h1').should('exist');\ncy.go(-1);",
              "err": {},
              "uuid": "b51e5a5e-106c-400e-a9eb-02ccf193b3e7",
              "parentUUID": "035730c8-21fc-4661-86e8-66969a691d3e",
              "isHook": false,
              "skipped": false
            },
            {
              "title": "Post number 7!",
              "fullTitle": "axcapital - Blog test Post number 7!",
              "timedOut": null,
              "duration": 975,
              "state": "passed",
              "speed": "slow",
              "pass": true,
              "fail": false,
              "pending": false,
              "context": null,
              "code": "cy.xpath('/html/body/app-root/app-news-page/section[1]/div[2]/div[' + selector + ']/a').click({\n  force: true\n});\ncy.log(selector); // cy.wait(1000)\ncy.get('h1').should('exist');\ncy.go(-1);",
              "err": {},
              "uuid": "d4e01c52-7e06-4c90-a601-c7b6de5e08fa",
              "parentUUID": "035730c8-21fc-4661-86e8-66969a691d3e",
              "isHook": false,
              "skipped": false
            },
            {
              "title": "Post number 8!",
              "fullTitle": "axcapital - Blog test Post number 8!",
              "timedOut": null,
              "duration": 966,
              "state": "passed",
              "speed": "slow",
              "pass": true,
              "fail": false,
              "pending": false,
              "context": null,
              "code": "cy.xpath('/html/body/app-root/app-news-page/section[1]/div[2]/div[' + selector + ']/a').click({\n  force: true\n});\ncy.log(selector); // cy.wait(1000)\ncy.get('h1').should('exist');\ncy.go(-1);",
              "err": {},
              "uuid": "b0f5ff16-fc61-4cc1-ba5a-b2c9818286c7",
              "parentUUID": "035730c8-21fc-4661-86e8-66969a691d3e",
              "isHook": false,
              "skipped": false
            },
            {
              "title": "Post number 9!",
              "fullTitle": "axcapital - Blog test Post number 9!",
              "timedOut": null,
              "duration": 1082,
              "state": "passed",
              "speed": "slow",
              "pass": true,
              "fail": false,
              "pending": false,
              "context": null,
              "code": "cy.xpath('/html/body/app-root/app-news-page/section[1]/div[2]/div[' + selector + ']/a').click({\n  force: true\n});\ncy.log(selector); // cy.wait(1000)\ncy.get('h1').should('exist');\ncy.go(-1);",
              "err": {},
              "uuid": "bdd1815b-70ae-4013-ba80-3a163d98f5dd",
              "parentUUID": "035730c8-21fc-4661-86e8-66969a691d3e",
              "isHook": false,
              "skipped": false
            },
            {
              "title": "Post number 10!",
              "fullTitle": "axcapital - Blog test Post number 10!",
              "timedOut": null,
              "duration": 827,
              "state": "passed",
              "speed": "slow",
              "pass": true,
              "fail": false,
              "pending": false,
              "context": null,
              "code": "cy.xpath('/html/body/app-root/app-news-page/section[1]/div[2]/div[' + selector + ']/a').click({\n  force: true\n});\ncy.log(selector); // cy.wait(1000)\ncy.get('h1').should('exist');\ncy.go(-1);",
              "err": {},
              "uuid": "c5180c00-a83b-452d-9bc2-f99e3ed69cba",
              "parentUUID": "035730c8-21fc-4661-86e8-66969a691d3e",
              "isHook": false,
              "skipped": false
            },
            {
              "title": "Post number 11!",
              "fullTitle": "axcapital - Blog test Post number 11!",
              "timedOut": null,
              "duration": 913,
              "state": "passed",
              "speed": "slow",
              "pass": true,
              "fail": false,
              "pending": false,
              "context": null,
              "code": "cy.xpath('/html/body/app-root/app-news-page/section[1]/div[2]/div[' + selector + ']/a').click({\n  force: true\n});\ncy.log(selector); // cy.wait(1000)\ncy.get('h1').should('exist');\ncy.go(-1);",
              "err": {},
              "uuid": "1c7419fd-6505-42ff-8a2e-5b72c1bffbaf",
              "parentUUID": "035730c8-21fc-4661-86e8-66969a691d3e",
              "isHook": false,
              "skipped": false
            },
            {
              "title": "Post number 12!",
              "fullTitle": "axcapital - Blog test Post number 12!",
              "timedOut": null,
              "duration": 855,
              "state": "passed",
              "speed": "slow",
              "pass": true,
              "fail": false,
              "pending": false,
              "context": null,
              "code": "cy.xpath('/html/body/app-root/app-news-page/section[1]/div[2]/div[' + selector + ']/a').click({\n  force: true\n});\ncy.log(selector); // cy.wait(1000)\ncy.get('h1').should('exist');\ncy.go(-1);",
              "err": {},
              "uuid": "1797b117-4789-4c3b-9773-4a265bb7aabf",
              "parentUUID": "035730c8-21fc-4661-86e8-66969a691d3e",
              "isHook": false,
              "skipped": false
            },
            {
              "title": "Post number 13!",
              "fullTitle": "axcapital - Blog test Post number 13!",
              "timedOut": null,
              "duration": 981,
              "state": "passed",
              "speed": "slow",
              "pass": true,
              "fail": false,
              "pending": false,
              "context": null,
              "code": "cy.xpath('/html/body/app-root/app-news-page/section[1]/div[2]/div[' + selector + ']/a').click({\n  force: true\n});\ncy.log(selector); // cy.wait(1000)\ncy.get('h1').should('exist');\ncy.go(-1);",
              "err": {},
              "uuid": "7bbf0aee-dca6-4691-81a9-0f198a83a09d",
              "parentUUID": "035730c8-21fc-4661-86e8-66969a691d3e",
              "isHook": false,
              "skipped": false
            },
            {
              "title": "Post number 14!",
              "fullTitle": "axcapital - Blog test Post number 14!",
              "timedOut": null,
              "duration": 796,
              "state": "passed",
              "speed": "slow",
              "pass": true,
              "fail": false,
              "pending": false,
              "context": null,
              "code": "cy.xpath('/html/body/app-root/app-news-page/section[1]/div[2]/div[' + selector + ']/a').click({\n  force: true\n});\ncy.log(selector); // cy.wait(1000)\ncy.get('h1').should('exist');\ncy.go(-1);",
              "err": {},
              "uuid": "fac24ed0-5fad-4e7c-8457-d37fd16222ab",
              "parentUUID": "035730c8-21fc-4661-86e8-66969a691d3e",
              "isHook": false,
              "skipped": false
            },
            {
              "title": "Post number 15!",
              "fullTitle": "axcapital - Blog test Post number 15!",
              "timedOut": null,
              "duration": 947,
              "state": "passed",
              "speed": "slow",
              "pass": true,
              "fail": false,
              "pending": false,
              "context": null,
              "code": "cy.xpath('/html/body/app-root/app-news-page/section[1]/div[2]/div[' + selector + ']/a').click({\n  force: true\n});\ncy.log(selector); // cy.wait(1000)\ncy.get('h1').should('exist');\ncy.go(-1);",
              "err": {},
              "uuid": "a65365ab-c7c0-49f3-a3b5-8ec07e1589c7",
              "parentUUID": "035730c8-21fc-4661-86e8-66969a691d3e",
              "isHook": false,
              "skipped": false
            },
            {
              "title": "Post number 16!",
              "fullTitle": "axcapital - Blog test Post number 16!",
              "timedOut": null,
              "duration": 894,
              "state": "passed",
              "speed": "slow",
              "pass": true,
              "fail": false,
              "pending": false,
              "context": null,
              "code": "cy.xpath('/html/body/app-root/app-news-page/section[1]/div[2]/div[' + selector + ']/a').click({\n  force: true\n});\ncy.log(selector); // cy.wait(1000)\ncy.get('h1').should('exist');\ncy.go(-1);",
              "err": {},
              "uuid": "6f063eed-3168-405c-bdf6-a2f1f23ed248",
              "parentUUID": "035730c8-21fc-4661-86e8-66969a691d3e",
              "isHook": false,
              "skipped": false
            },
            {
              "title": "Sixth blog page",
              "fullTitle": "axcapital - Blog test Sixth blog page",
              "timedOut": null,
              "duration": 3503,
              "state": "passed",
              "speed": "slow",
              "pass": true,
              "fail": false,
              "pending": false,
              "context": null,
              "code": "cy.visit('https://www.axcapital.ae/blog/news?page=6');",
              "err": {},
              "uuid": "fb11c64d-5d36-495c-836c-e15890b356de",
              "parentUUID": "035730c8-21fc-4661-86e8-66969a691d3e",
              "isHook": false,
              "skipped": false
            },
            {
              "title": "Post number 1!",
              "fullTitle": "axcapital - Blog test Post number 1!",
              "timedOut": null,
              "duration": 735,
              "state": "passed",
              "speed": "slow",
              "pass": true,
              "fail": false,
              "pending": false,
              "context": null,
              "code": "cy.xpath('/html/body/app-root/app-news-page/section[1]/div[2]/div[' + selector + ']/a').click({\n  force: true\n});\ncy.log(selector); // cy.wait(1000)\ncy.get('h1').should('exist');\ncy.go(-1);",
              "err": {},
              "uuid": "5d71672b-8456-408a-9572-6c92ce65ec92",
              "parentUUID": "035730c8-21fc-4661-86e8-66969a691d3e",
              "isHook": false,
              "skipped": false
            },
            {
              "title": "Post number 2!",
              "fullTitle": "axcapital - Blog test Post number 2!",
              "timedOut": null,
              "duration": 1099,
              "state": "passed",
              "speed": "slow",
              "pass": true,
              "fail": false,
              "pending": false,
              "context": null,
              "code": "cy.xpath('/html/body/app-root/app-news-page/section[1]/div[2]/div[' + selector + ']/a').click({\n  force: true\n});\ncy.log(selector); // cy.wait(1000)\ncy.get('h1').should('exist');\ncy.go(-1);",
              "err": {},
              "uuid": "b0e39ef2-cc9f-4e9a-a395-6616c3e950c8",
              "parentUUID": "035730c8-21fc-4661-86e8-66969a691d3e",
              "isHook": false,
              "skipped": false
            },
            {
              "title": "Post number 3!",
              "fullTitle": "axcapital - Blog test Post number 3!",
              "timedOut": null,
              "duration": 1094,
              "state": "passed",
              "speed": "slow",
              "pass": true,
              "fail": false,
              "pending": false,
              "context": null,
              "code": "cy.xpath('/html/body/app-root/app-news-page/section[1]/div[2]/div[' + selector + ']/a').click({\n  force: true\n});\ncy.log(selector); // cy.wait(1000)\ncy.get('h1').should('exist');\ncy.go(-1);",
              "err": {},
              "uuid": "e323ae1a-db34-4ea4-9c03-298f96ab42ce",
              "parentUUID": "035730c8-21fc-4661-86e8-66969a691d3e",
              "isHook": false,
              "skipped": false
            },
            {
              "title": "Post number 4!",
              "fullTitle": "axcapital - Blog test Post number 4!",
              "timedOut": null,
              "duration": 982,
              "state": "passed",
              "speed": "slow",
              "pass": true,
              "fail": false,
              "pending": false,
              "context": null,
              "code": "cy.xpath('/html/body/app-root/app-news-page/section[1]/div[2]/div[' + selector + ']/a').click({\n  force: true\n});\ncy.log(selector); // cy.wait(1000)\ncy.get('h1').should('exist');\ncy.go(-1);",
              "err": {},
              "uuid": "af385f18-92c9-4e97-83e7-015cfc27742a",
              "parentUUID": "035730c8-21fc-4661-86e8-66969a691d3e",
              "isHook": false,
              "skipped": false
            },
            {
              "title": "Post number 5!",
              "fullTitle": "axcapital - Blog test Post number 5!",
              "timedOut": null,
              "duration": 866,
              "state": "passed",
              "speed": "slow",
              "pass": true,
              "fail": false,
              "pending": false,
              "context": null,
              "code": "cy.xpath('/html/body/app-root/app-news-page/section[1]/div[2]/div[' + selector + ']/a').click({\n  force: true\n});\ncy.log(selector); // cy.wait(1000)\ncy.get('h1').should('exist');\ncy.go(-1);",
              "err": {},
              "uuid": "5faba9b4-8779-4a3e-9398-aef06d38ff53",
              "parentUUID": "035730c8-21fc-4661-86e8-66969a691d3e",
              "isHook": false,
              "skipped": false
            },
            {
              "title": "Post number 6!",
              "fullTitle": "axcapital - Blog test Post number 6!",
              "timedOut": null,
              "duration": 858,
              "state": "passed",
              "speed": "slow",
              "pass": true,
              "fail": false,
              "pending": false,
              "context": null,
              "code": "cy.xpath('/html/body/app-root/app-news-page/section[1]/div[2]/div[' + selector + ']/a').click({\n  force: true\n});\ncy.log(selector); // cy.wait(1000)\ncy.get('h1').should('exist');\ncy.go(-1);",
              "err": {},
              "uuid": "6289a541-3b60-4389-858b-ee647a93ba99",
              "parentUUID": "035730c8-21fc-4661-86e8-66969a691d3e",
              "isHook": false,
              "skipped": false
            },
            {
              "title": "Post number 7!",
              "fullTitle": "axcapital - Blog test Post number 7!",
              "timedOut": null,
              "duration": 866,
              "state": "passed",
              "speed": "slow",
              "pass": true,
              "fail": false,
              "pending": false,
              "context": null,
              "code": "cy.xpath('/html/body/app-root/app-news-page/section[1]/div[2]/div[' + selector + ']/a').click({\n  force: true\n});\ncy.log(selector); // cy.wait(1000)\ncy.get('h1').should('exist');\ncy.go(-1);",
              "err": {},
              "uuid": "f859dae9-83db-4ea6-9f33-8af79737cb51",
              "parentUUID": "035730c8-21fc-4661-86e8-66969a691d3e",
              "isHook": false,
              "skipped": false
            },
            {
              "title": "Post number 8!",
              "fullTitle": "axcapital - Blog test Post number 8!",
              "timedOut": null,
              "duration": 874,
              "state": "passed",
              "speed": "slow",
              "pass": true,
              "fail": false,
              "pending": false,
              "context": null,
              "code": "cy.xpath('/html/body/app-root/app-news-page/section[1]/div[2]/div[' + selector + ']/a').click({\n  force: true\n});\ncy.log(selector); // cy.wait(1000)\ncy.get('h1').should('exist');\ncy.go(-1);",
              "err": {},
              "uuid": "6f220091-f706-4229-805d-ec2716b56a34",
              "parentUUID": "035730c8-21fc-4661-86e8-66969a691d3e",
              "isHook": false,
              "skipped": false
            },
            {
              "title": "Post number 9!",
              "fullTitle": "axcapital - Blog test Post number 9!",
              "timedOut": null,
              "duration": 964,
              "state": "passed",
              "speed": "slow",
              "pass": true,
              "fail": false,
              "pending": false,
              "context": null,
              "code": "cy.xpath('/html/body/app-root/app-news-page/section[1]/div[2]/div[' + selector + ']/a').click({\n  force: true\n});\ncy.log(selector); // cy.wait(1000)\ncy.get('h1').should('exist');\ncy.go(-1);",
              "err": {},
              "uuid": "4404dd8e-e089-49ac-9640-74423303241f",
              "parentUUID": "035730c8-21fc-4661-86e8-66969a691d3e",
              "isHook": false,
              "skipped": false
            },
            {
              "title": "Post number 10!",
              "fullTitle": "axcapital - Blog test Post number 10!",
              "timedOut": null,
              "duration": 916,
              "state": "passed",
              "speed": "slow",
              "pass": true,
              "fail": false,
              "pending": false,
              "context": null,
              "code": "cy.xpath('/html/body/app-root/app-news-page/section[1]/div[2]/div[' + selector + ']/a').click({\n  force: true\n});\ncy.log(selector); // cy.wait(1000)\ncy.get('h1').should('exist');\ncy.go(-1);",
              "err": {},
              "uuid": "1bf3aadd-8474-4738-958d-2f20ed6e30e5",
              "parentUUID": "035730c8-21fc-4661-86e8-66969a691d3e",
              "isHook": false,
              "skipped": false
            },
[...]
              "err": {},
              "uuid": "47c85da3-99ca-463d-a578-de7c69ad96f5",
              "parentUUID": "035730c8-21fc-4661-86e8-66969a691d3e",
              "isHook": false,
              "skipped": false
            },
            {
              "title": "Post number 6!",
              "fullTitle": "axcapital - Blog test Post number 6!",
              "timedOut": null,
              "duration": 1062,
              "state": "passed",
              "speed": "slow",
              "pass": true,
              "fail": false,
              "pending": false,
              "context": null,
              "code": "cy.xpath('/html/body/app-root/app-news-page/section[1]/div[2]/div[' + selector + ']/a').click({\n  force: true\n});\ncy.log(selector); // cy.wait(1000)\ncy.get('h1').should('exist');\ncy.go(-1);",
              "err": {},
              "uuid": "02305c26-68f1-4755-b06b-dd6df14c6fca",
              "parentUUID": "035730c8-21fc-4661-86e8-66969a691d3e",
              "isHook": false,
              "skipped": false
            },
            {
              "title": "Post number 7!",
              "fullTitle": "axcapital - Blog test Post number 7!",
              "timedOut": null,
              "duration": 973,
              "state": "passed",
              "speed": "slow",
              "pass": true,
              "fail": false,
              "pending": false,
              "context": null,
              "code": "cy.xpath('/html/body/app-root/app-news-page/section[1]/div[2]/div[' + selector + ']/a').click({\n  force: true\n});\ncy.log(selector); // cy.wait(1000)\ncy.get('h1').should('exist');\ncy.go(-1);",
              "err": {},
              "uuid": "1617ebe4-710e-45a3-8f95-6c081f959cf2",
              "parentUUID": "035730c8-21fc-4661-86e8-66969a691d3e",
              "isHook": false,
              "skipped": false
            },
            {
              "title": "Post number 8!",
              "fullTitle": "axcapital - Blog test Post number 8!",
              "timedOut": null,
              "duration": 858,
              "state": "passed",
              "speed": "slow",
              "pass": true,
              "fail": false,
              "pending": false,
              "context": null,
              "code": "cy.xpath('/html/body/app-root/app-news-page/section[1]/div[2]/div[' + selector + ']/a').click({\n  force: true\n});\ncy.log(selector); // cy.wait(1000)\ncy.get('h1').should('exist');\ncy.go(-1);",
              "err": {},
              "uuid": "3b0b4349-0182-474d-98bb-117851f1f41d",
              "parentUUID": "035730c8-21fc-4661-86e8-66969a691d3e",
              "isHook": false,
              "skipped": false
            },
            {
              "title": "Post number 9!",
              "fullTitle": "axcapital - Blog test Post number 9!",
              "timedOut": null,
              "duration": 926,
              "state": "passed",
              "speed": "slow",
              "pass": true,
              "fail": false,
              "pending": false,
              "context": null,
              "code": "cy.xpath('/html/body/app-root/app-news-page/section[1]/div[2]/div[' + selector + ']/a').click({\n  force: true\n});\ncy.log(selector); // cy.wait(1000)\ncy.get('h1').should('exist');\ncy.go(-1);",
              "err": {},
              "uuid": "dde8e580-ee24-4857-9fe2-226aeedee275",
              "parentUUID": "035730c8-21fc-4661-86e8-66969a691d3e",
              "isHook": false,
              "skipped": false
            },
            {
              "title": "Post number 10!",
              "fullTitle": "axcapital - Blog test Post number 10!",
              "timedOut": null,
              "duration": 1177,
              "state": "passed",
              "speed": "slow",
              "pass": true,
              "fail": false,
              "pending": false,
              "context": null,
              "code": "cy.xpath('/html/body/app-root/app-news-page/section[1]/div[2]/div[' + selector + ']/a').click({\n  force: true\n});\ncy.log(selector); // cy.wait(1000)\ncy.get('h1').should('exist');\ncy.go(-1);",
              "err": {},
              "uuid": "32ca6d2e-8234-4ed1-a28e-82d0d1e160ee",
              "parentUUID": "035730c8-21fc-4661-86e8-66969a691d3e",
              "isHook": false,
              "skipped": false
            },
            {
              "title": "Post number 11!",
              "fullTitle": "axcapital - Blog test Post number 11!",
              "timedOut": null,
              "duration": 870,
              "state": "passed",
              "speed": "slow",
              "pass": true,
              "fail": false,
              "pending": false,
              "context": null,
              "code": "cy.xpath('/html/body/app-root/app-news-page/section[1]/div[2]/div[' + selector + ']/a').click({\n  force: true\n});\ncy.log(selector); // cy.wait(1000)\ncy.get('h1').should('exist');\ncy.go(-1);",
              "err": {},
              "uuid": "aaa673e0-4695-4ffa-9bb5-0d5142c023f3",
              "parentUUID": "035730c8-21fc-4661-86e8-66969a691d3e",
              "isHook": false,
              "skipped": false
            },
            {
              "title": "Post number 12!",
              "fullTitle": "axcapital - Blog test Post number 12!",
              "timedOut": null,
              "duration": 900,
              "state": "passed",
              "speed": "slow",
              "pass": true,
              "fail": false,
              "pending": false,
              "context": null,
              "code": "cy.xpath('/html/body/app-root/app-news-page/section[1]/div[2]/div[' + selector + ']/a').click({\n  force: true\n});\ncy.log(selector); // cy.wait(1000)\ncy.get('h1').should('exist');\ncy.go(-1);",
              "err": {},
              "uuid": "45abad62-1632-4e3f-8354-d89cbe190207",
              "parentUUID": "035730c8-21fc-4661-86e8-66969a691d3e",
              "isHook": false,
              "skipped": false
            },
            {
              "title": "Post number 13!",
              "fullTitle": "axcapital - Blog test Post number 13!",
              "timedOut": null,
              "duration": 926,
              "state": "passed",
              "speed": "slow",
              "pass": true,
              "fail": false,
              "pending": false,
              "context": null,
              "code": "cy.xpath('/html/body/app-root/app-news-page/section[1]/div[2]/div[' + selector + ']/a').click({\n  force: true\n});\ncy.log(selector); // cy.wait(1000)\ncy.get('h1').should('exist');\ncy.go(-1);",
              "err": {},
              "uuid": "7e385776-60ac-4a02-ad27-b78cfcc9bc4e",
              "parentUUID": "035730c8-21fc-4661-86e8-66969a691d3e",
              "isHook": false,
              "skipped": false
            },
            {
              "title": "Post number 14!",
              "fullTitle": "axcapital - Blog test Post number 14!",
              "timedOut": null,
              "duration": 893,
              "state": "passed",
              "speed": "slow",
              "pass": true,
              "fail": false,
              "pending": false,
              "context": null,
              "code": "cy.xpath('/html/body/app-root/app-news-page/section[1]/div[2]/div[' + selector + ']/a').click({\n  force: true\n});\ncy.log(selector); // cy.wait(1000)\ncy.get('h1').should('exist');\ncy.go(-1);",
              "err": {},
              "uuid": "39e472c3-8547-4672-92bd-fc277e86132d",
              "parentUUID": "035730c8-21fc-4661-86e8-66969a691d3e",
              "isHook": false,
              "skipped": false
            },
            {
              "title": "Post number 15!",
              "fullTitle": "axcapital - Blog test Post number 15!",
              "timedOut": null,
              "duration": 859,
              "state": "passed",
              "speed": "slow",
              "pass": true,
              "fail": false,
              "pending": false,
              "context": null,
              "code": "cy.xpath('/html/body/app-root/app-news-page/section[1]/div[2]/div[' + selector + ']/a').click({\n  force: true\n});\ncy.log(selector); // cy.wait(1000)\ncy.get('h1').should('exist');\ncy.go(-1);",
              "err": {},
              "uuid": "9ebe45de-3fd9-48de-8c3b-cdb68152c0a8",
              "parentUUID": "035730c8-21fc-4661-86e8-66969a691d3e",
              "isHook": false,
              "skipped": false
            },
            {
              "title": "Post number 16!",
              "fullTitle": "axcapital - Blog test Post number 16!",
              "timedOut": null,
              "duration": 770,
              "state": "passed",
              "speed": "slow",
              "pass": true,
              "fail": false,
              "pending": false,
              "context": null,
              "code": "cy.xpath('/html/body/app-root/app-news-page/section[1]/div[2]/div[' + selector + ']/a').click({\n  force: true\n});\ncy.log(selector); // cy.wait(1000)\ncy.get('h1').should('exist');\ncy.go(-1);",
              "err": {},
              "uuid": "22928db1-35a3-44f7-ab0b-b30827821a58",
              "parentUUID": "035730c8-21fc-4661-86e8-66969a691d3e",
              "isHook": false,
              "skipped": false
            },
            {
              "title": "Tenth blog page",
              "fullTitle": "axcapital - Blog test Tenth blog page",
              "timedOut": null,
              "duration": 3341,
              "state": "passed",
              "speed": "slow",
              "pass": true,
              "fail": false,
              "pending": false,
              "context": null,
              "code": "cy.visit('https://www.axcapital.ae/blog/news?page=10');",
              "err": {},
              "uuid": "09b334be-a889-4498-81e9-df499048a5a2",
              "parentUUID": "035730c8-21fc-4661-86e8-66969a691d3e",
              "isHook": false,
              "skipped": false
            },
            {
              "title": "Post number 10!",
              "fullTitle": "axcapital - Blog test Post number 10!",
              "timedOut": null,
              "duration": 1146,
              "state": "passed",
              "speed": "slow",
              "pass": true,
              "fail": false,
              "pending": false,
              "context": null,
              "code": "cy.xpath('/html/body/app-root/app-news-page/section[1]/div[2]/div[1]/a').click({\n  force: true\n});\ncy.get('h1').should('exist');\ncy.go(-1);",
              "err": {},
              "uuid": "e6d99483-a55f-4ccb-aff2-437010e9b297",
              "parentUUID": "035730c8-21fc-4661-86e8-66969a691d3e",
              "isHook": false,
              "skipped": false
            }
          ],
          "suites": [],
          "passes": [
            "c20d2a2f-18c9-441a-9c3b-8ed823502062",
            "dadb358b-e7a8-4dc7-bed4-dc86b2d6067b",
            "ed690e8e-c356-4670-b6c2-362d7047a5c1",
            "7038fcdc-eb2a-4cc9-b672-e691c0818cbd",
            "67919032-2b07-4b3e-b7bf-694da88bee84",
            "7101eeee-7a0b-41e1-982a-6eff340b51d6",
            "2497eb44-7a5e-4dbb-a3b0-956e8e6bd49d",
            "293b92e5-d422-41cc-92d8-bfd86f32d5b1",
            "06b9432e-e8c6-49b8-ad17-d399bd400845",
            "d7007f09-94cf-4847-9f3e-da31f62637c9",
            "c9e6f886-fdf0-4e3f-8f62-5aa5b41c6c6d",
            "4dcab28a-10af-45e5-a513-ad7af70faadb",
            "09e58540-d43a-42a1-9650-d03a24f3394f",
            "1d6079b0-3c87-445b-8257-8d661e1bdd3f",
            "29166d46-8223-4d4c-9e24-fb3f00308b47",
            "0513f226-2509-488e-8120-459579abc4be",
            "da6d0953-749e-4133-a40c-de418a7a69d7",
            "d0cc04cc-98c9-4502-a63d-45da22a37b04",
            "8dbcf4d1-d627-4cad-a4d1-b3401864f599",
            "24d607ab-2552-42d2-9be7-e9b2a9f00d26",
            "171d6d62-971b-4deb-a540-2a6a2b1bf46b",
            "3db1984b-501c-4e46-a1e0-55b02c9447e1",
            "e4c0d8ad-8946-40a4-a759-d1ee20652439",
            "5177dcdc-b777-4750-a1bd-7efab29da6c3",
            "43e699e9-6d2f-4198-82a3-4d4b68a0af07",
            "c4590e08-ef60-4cd2-8d4d-ef3810a0fdef",
            "13d8ebfa-addf-4d28-8491-36e5c0b6de02",
            "2f411003-f89f-4c94-b87b-a3f8bf9e39c6",
            "40e2d914-88e4-4598-8c08-dbab6931ad0f",
            "219cdaaa-7cdf-4a46-a703-7caf8942a6a7",
            "3d1df93a-f0d7-4ce9-a985-1ab58be19a2d",
            "5b18663a-f65c-4e57-adfa-a5a05f0ef490",
            "79c36089-9788-44c9-82c8-9c3df76b7ef1",
            "16614124-2218-43ce-a3bb-8366cf67cae9",
            "063de59b-7fc3-4b09-8f42-16cc5cbb7c5d",
            "4666379d-4e4a-4e4d-ad1d-da96fa643118",
            "2c67e8aa-475c-4a32-9aa3-64f3a5234861",
            "35fd9ff6-97f3-4a46-be3e-ca9a82c2f27c",
            "ae395fc4-1c14-4cdb-9f80-8943b541021b",
            "993f9a4f-ed56-4b0d-84fc-b014745f8e5a",
            "f20b0b3e-d1f6-402e-8a91-612f8c9190bf",
            "4305679c-b3df-42f4-be4b-544d6da57ccb",
            "662fe30a-4a06-4dd3-ba24-dc04ba5a67be",
            "468a00ac-f13b-406e-84b2-0cc5e0eef5a0",
            "de2c55e1-00fa-4ed5-a47f-820bbac7afe7",
            "960341c7-e18e-474e-8751-fd955c35b2c1",
            "a802253d-3853-44ca-a192-3972f90b89f5",
            "37099bae-bfee-4ff6-99fa-fd55a0e4aefe",
            "b7eaa54a-53f7-4fbf-8778-526ec0be3a9d",
            "d24b35ce-6faa-413e-8892-773f56fc5ecb",
            "1bffd63a-0fca-473b-8ffc-c01514d9a9bc",
            "7b6272a0-b1ec-4073-a4a1-1d933a94f0dc",
            "49a9df49-a480-4c7b-862c-e23f3f90815b",
            "fe0c02f9-dd00-42eb-b774-15a3fcd9d02e",
            "eb128433-5cb0-4b7a-83be-0a294ec92dc2",
            "b7040257-c996-43d4-842d-dfcd4d2f0ee2",
            "34e8679d-124e-4380-bb59-68fe5e28da3a",
            "99daf6af-065d-4c83-b0e3-135353e2a8f8",
            "03bb1cb3-e7c8-4a96-ae5d-3debb309b887",
            "6dad0568-a02b-431e-af25-e85a56685719",
            "35fe3aec-4c23-4a78-9298-25ac72471a36",
            "f0da8bd3-dc66-4c45-a50a-64b641ba0ed9",
            "2f4bcfc3-0b72-48fe-893c-a17b60f5f41c",
            "4f29be1b-c507-4fb0-a309-8293361c486e",
            "f63d550e-01cb-40c4-8a15-f7dd4961bd46",
            "cc06b940-213c-41cf-a37c-01b59d52cbd6",
            "ff523f16-8197-41af-9e5f-2cb7cf496d32",
            "19ca5897-8f56-4301-9952-b67fc92db6f5",
            "911ff03d-0c15-4200-b3ab-54d784bd84c8",
            "c2b4042f-961f-416a-80ab-a18fce5f8e05",
            "bad3b6bc-a3a5-42f8-b331-e2b22fb91fda",
            "1a97a17b-0508-4c24-8a79-9bd327baf4bf",
            "0a25527e-9d17-4f70-844f-965fe6333e22",
            "497ae037-9d65-46ac-9879-4cc6cd0aee9f",
            "b51e5a5e-106c-400e-a9eb-02ccf193b3e7",
            "d4e01c52-7e06-4c90-a601-c7b6de5e08fa",
            "b0f5ff16-fc61-4cc1-ba5a-b2c9818286c7",
            "bdd1815b-70ae-4013-ba80-3a163d98f5dd",
            "c5180c00-a83b-452d-9bc2-f99e3ed69cba",
            "1c7419fd-6505-42ff-8a2e-5b72c1bffbaf",
            "1797b117-4789-4c3b-9773-4a265bb7aabf",
            "7bbf0aee-dca6-4691-81a9-0f198a83a09d",
            "fac24ed0-5fad-4e7c-8457-d37fd16222ab",
            "a65365ab-c7c0-49f3-a3b5-8ec07e1589c7",
            "6f063eed-3168-405c-bdf6-a2f1f23ed248",
            "fb11c64d-5d36-495c-836c-e15890b356de",
            "5d71672b-8456-408a-9572-6c92ce65ec92",
            "b0e39ef2-cc9f-4e9a-a395-6616c3e950c8",
            "e323ae1a-db34-4ea4-9c03-298f96ab42ce",
            "af385f18-92c9-4e97-83e7-015cfc27742a",
            "5faba9b4-8779-4a3e-9398-aef06d38ff53",
            "6289a541-3b60-4389-858b-ee647a93ba99",
            "f859dae9-83db-4ea6-9f33-8af79737cb51",
            "6f220091-f706-4229-805d-ec2716b56a34",
            "4404dd8e-e089-49ac-9640-74423303241f",
            "1bf3aadd-8474-4738-958d-2f20ed6e30e5",
            "95e5c2eb-90f4-45a8-a2d5-714c1ba91400",
            "2c97795b-c6f5-4bef-b6f3-8f7d5f114a86",
            "a4352db9-df68-47f8-bf1d-88de28afc098",
            "b408beaf-2ac4-4e87-866c-2dc23cf8a3fe",
            "a97b462e-07f5-4c3d-b3b8-413e35464484",
            "1471f2c8-31b9-4ba8-bc96-0d367b3bc7af",
            "64d90f2e-6a96-4d6a-bb77-be54fb6f45f4",
            "f20ef397-1b1c-4b8a-bae3-27e232533466",
            "c712335e-9e2a-4d6d-99cc-b5c786a2023f",
            "383ca9da-252c-49d9-9a88-91545f94391f",
            "c8327266-d956-4165-9061-b273f2b35e0c",
            "964d0b89-e8eb-4677-a61f-ba9bdb30d371",
            "84cb84ae-0f80-4880-ab4d-f93938a6080b",
            "e3d06dd2-29c5-4eb2-8ed1-6e922aea49ac",
            "3d15a5b2-d4ab-44b7-a756-7b3711a872e7",
            "3986741f-8682-4525-a015-92a383bfd120",
            "171ab34f-3602-4f89-9759-18387b9d8f17",
            "679bd2f2-f86d-4cd4-aed9-1877255a791e",
            "8acb79d4-8b4d-4e8b-841b-c13497fb7332",
            "dcbacf57-3e4f-4583-8cc0-0f6b917755f7",
            "78dd0adb-0582-4d88-9470-5e0b3e94ffa3",
            "43cd65ca-50c1-4a85-b1f1-5f9f2a109e98",
            "e3de017d-7c65-4130-84d1-053005e05e30",
            "669e0ae1-4cd2-4cac-9669-2ce21eb940de",
            "789874a0-faf7-48d8-9c5c-16437b052099",
            "258db961-5cc2-4dee-9e12-c6c3051f5f8f",
            "fe19566b-a78f-4a60-947f-03f0d6287e19",
            "18eeaf36-d926-40e7-a122-fb0a8fee7f32",
            "6283b966-8575-4b82-bacc-2997ee684307",
            "ba9ebd66-ce43-44de-a743-21a4fefa00d2",
            "b43c10aa-59c5-49b9-a109-5abc4238ffba",
            "4d9047a6-7509-4f31-a31d-415b756f7417",
            "bfdfb464-fdf3-4b9f-b117-8fb7671e2034",
            "8fb710a5-cb40-40bd-87f5-1abd834e2fa1",
            "44e7544a-aacc-49f1-b99a-e641e409d362",
            "4a89bb25-8c10-48c9-ad42-e0fa48249aa6",
            "c6d9043e-c601-434a-8440-882e05e60d5d",
            "5f2cb389-266a-42c5-8e8e-061302d68cff",
            "ddda057c-b848-4735-abdd-c925c7733e85",
            "f1180157-7bd9-4e1b-8461-2c0f130babb0",
            "f5975cc4-eb80-4270-a866-f0f4d6f1b5e0",
            "ddd09393-3e40-404d-bdd4-247204d21369",
            "06714742-492a-4237-917f-61c41be5ac57",
            "b844d0d7-a124-40d8-bfbf-735f86e4d892",
            "67eb9f0a-f684-4e2e-8671-8c6814e3c643",
            "47c85da3-99ca-463d-a578-de7c69ad96f5",
            "02305c26-68f1-4755-b06b-dd6df14c6fca",
            "1617ebe4-710e-45a3-8f95-6c081f959cf2",
            "3b0b4349-0182-474d-98bb-117851f1f41d",
            "dde8e580-ee24-4857-9fe2-226aeedee275",
            "32ca6d2e-8234-4ed1-a28e-82d0d1e160ee",
            "aaa673e0-4695-4ffa-9bb5-0d5142c023f3",
            "45abad62-1632-4e3f-8354-d89cbe190207",
            "7e385776-60ac-4a02-ad27-b78cfcc9bc4e",
            "39e472c3-8547-4672-92bd-fc277e86132d",
            "9ebe45de-3fd9-48de-8c3b-cdb68152c0a8",
            "22928db1-35a3-44f7-ab0b-b30827821a58",
            "09b334be-a889-4498-81e9-df499048a5a2",
            "e6d99483-a55f-4ccb-aff2-437010e9b297"
          ],
          "failures": [],
          "pending": [],
          "skipped": [],
          "duration": 206818,
          "root": false,
          "rootEmpty": false,
          "_timeout": 2000
        }
      ],
      "passes": [],
      "failures": [],
      "pending": [],
      "skipped": [],
      "duration": 0,
      "root": true,
      "rootEmpty": true,
      "_timeout": 2000
    }
  ],
  "meta": {
    "mocha": {
      "version": "7.0.1"
    },
    "mochawesome": {
      "options": {
        "quiet": false,
        "reportFilename": "mochawesome",
        "saveHtml": false,
        "saveJson": true,
        "consoleReporter": "spec",
        "useInlineDiffs": false,
        "code": true
      },
      "version": "7.1.3"
    },
    "marge": {
      "options": {
        "reportDir": "cypress/results",
        "overwrite": false,
        "html": false,
        "json": true
      },
      "version": "6.2.0"
    }
  }
}